<?xml version="1.0" encoding="UTF-8"?>
<testng-results skipped="0" failed="0" ignored="0" total="1" passed="1">
  <reporter-output>
  </reporter-output>
  <suite name="Default suite" duration-ms="10340" started-at="2020-04-23T06:47:18Z" finished-at="2020-04-23T06:47:28Z">
    <groups>
    </groups>
    <test name="Default test" duration-ms="10340" started-at="2020-04-23T06:47:18Z" finished-at="2020-04-23T06:47:28Z">
      <class name="Test.StaticJson">
        <test-method status="PASS" signature="Test()[pri:0, instance:Test.StaticJson@548a102f]" name="Test" duration-ms="10137" started-at="2020-04-23T06:47:18Z" finished-at="2020-04-23T06:47:28Z">
          <reporter-output>
          </reporter-output>
        </test-method> <!-- Test -->
      </class> <!-- Test.StaticJson -->
    </test> <!-- Default test -->
  </suite> <!-- Default suite -->
</testng-results>
